Arguments: 
  /usr/bin/nodejs /usr/local/bin/yarn

PATH: 
  /home/it/.yarn/bin:/home/it/bin:/home/it/.local/bin:/usr/local/sbin:/usr/local/bin:/usr/sbin:/usr/bin:/sbin:/bin:/usr/games:/usr/local/games:/snap/bin

Yarn version: 
  1.3.2

Node version: 
  4.2.6

Platform: 
  linux x64

npm manifest: 
  {
    "name": "diglossa.org",
    "version": "0.1.0",
    "private": true,
    "hexo": {
      "version": "3.2.2"
    },
    "dependencies": {
      "hexo": "3.2.2",
      "hexo-cli": "^1.0.3",
      "hexo-deployer-git": "0.1.0",
      "hexo-generator-alias": "git+https://github.com/chrisvfritz/vuejs.org-hexo-generator-alias.git",
      "hexo-generator-archive": "^0.1.4",
      "hexo-generator-category": "^0.1.3",
      "hexo-generator-feed": "^1.1.0",
      "hexo-generator-index": "^0.2.0",
      "hexo-generator-sitemap": "^1.2.0",
      "hexo-generator-tag": "^0.2.0",
      "hexo-offline": "^0.2.0",
      "hexo-renderer-ejs": "^0.2.0",
      "hexo-renderer-marked": "^0.2.10",
      "hexo-renderer-stylus": "^0.3.1",
      "hexo-server": "^0.2.0"
    }
  }

yarn manifest: 
  No manifest

Lockfile: 
  No lockfile

Trace: 
  Error: EACCES: permission denied, mkdir '/home/it/de.diglossa.org/node_modules/hexo-cli/node_modules/hexo-log'
      at Error (native)
